
=== Deploying to 'casinbbdd'...

i  deploying functions
i  functions: preparing codebase default for deployment
i  functions: ensuring required API cloudfunctions.googleapis.com is enabled...
i  functions: ensuring required API cloudbuild.googleapis.com is enabled...
i  artifactregistry: ensuring required API artifactregistry.googleapis.com is enabled...
i  functions: Loading and analyzing source code for codebase default to determine what to deploy
Serving at port 8043

i  extensions: ensuring required API firebaseextensions.googleapis.com is enabled...
i  functions: Loaded environment variables from .env.
i  functions: preparing functions directory for uploading...
i  functions: packaged /Volumes/SSD/X4/functions (38.85 KB) for uploading
i  functions: ensuring required API cloudscheduler.googleapis.com is enabled...
i  functions: ensuring required API run.googleapis.com is enabled...
i  functions: ensuring required API eventarc.googleapis.com is enabled...
i  functions: ensuring required API pubsub.googleapis.com is enabled...
i  functions: ensuring required API storage.googleapis.com is enabled...
i  functions: generating the service identity for pubsub.googleapis.com...
i  functions: generating the service identity for eventarc.googleapis.com...
i  functions: Skipping the deploy of unchanged functions.
✔  functions[testEmail(us-central1)] Skipped (No changes detected)
✔  functions[scheduledBirthdayEmails(us-central1)] Skipped (No changes detected)
✔  functions[scheduledWeeklyResumen(us-central1)] Skipped (No changes detected)

✔  Deploy complete!

Project Console: https://console.firebase.google.com/project/casinbbdd/overview
